<?xml version="1.0" encoding="UTF-8"?>
<!-- Generated by org.testng.reporters.JUnitReportReporter -->
<testsuite hostname="HDC3-L-5194G40" name="cucumberRunner.testNG_Runner" tests="2" failures="0" timestamp="23 Oct 2017 07:32:16 GMT" time="263.079" errors="0">
  <testcase name="feature" time="116.944" classname="cucumberRunner.testNG_Runner"/>
  <testcase name="feature" time="146.135" classname="cucumberRunner.testNG_Runner"/>
</testsuite> <!-- cucumberRunner.testNG_Runner -->
