<?xml version="1.0" encoding="UTF-8"?>
<!-- Generated by org.testng.reporters.JUnitReportReporter -->
<testsuite hostname="HDC3-L-5194G40" name="cucumberRunner.testNG_Runner" tests="2" failures="0" timestamp="19 Oct 2017 16:39:09 GMT" time="200.106" errors="0">
  <testcase name="feature" time="93.435" classname="cucumberRunner.testNG_Runner"/>
  <testcase name="feature" time="106.671" classname="cucumberRunner.testNG_Runner"/>
</testsuite> <!-- cucumberRunner.testNG_Runner -->
